{"level":"info","message":"hello"}
{"level":"info","message":"\u001b[0mGET /auth/login \u001b[36m304\u001b[0m 8.819 ms - -\u001b[0m\n"}
{"level":"info","message":"hello"}
{"level":"info","message":"::1 - - [10/May/2022:17:50:05 +0000] \"GET /auth/login HTTP/1.1\" 304 - \"-\" \"Mozilla/5.0 (Windows NT 10.0; Win64; x64) AppleWebKit/537.36 (KHTML, like Gecko) Chrome/101.0.4951.54 Safari/537.36\"\n"}
{"level":"info","message":"::1 - - [11/May/2022:18:48:11 +0000] \"GET / HTTP/1.1\" 404 139 \"-\" \"Mozilla/5.0 (Windows NT 10.0; Win64; x64) AppleWebKit/537.36 (KHTML, like Gecko) Chrome/101.0.4951.54 Safari/537.36\"\n"}
{"level":"info","message":"::1 - - [11/May/2022:18:48:17 +0000] \"GET /movies HTTP/1.1\" 404 145 \"-\" \"Mozilla/5.0 (Windows NT 10.0; Win64; x64) AppleWebKit/537.36 (KHTML, like Gecko) Chrome/101.0.4951.54 Safari/537.36\"\n"}
{"level":"info","message":"::1 - - [11/May/2022:18:48:32 +0000] \"GET /movies/1 HTTP/1.1\" 200 14 \"-\" \"Mozilla/5.0 (Windows NT 10.0; Win64; x64) AppleWebKit/537.36 (KHTML, like Gecko) Chrome/101.0.4951.54 Safari/537.36\"\n"}
{"level":"info","message":"::1 - - [11/May/2022:18:48:32 +0000] \"GET /favicon.ico HTTP/1.1\" 404 150 \"http://localhost:3000/movies/1\" \"Mozilla/5.0 (Windows NT 10.0; Win64; x64) AppleWebKit/537.36 (KHTML, like Gecko) Chrome/101.0.4951.54 Safari/537.36\"\n"}
{"level":"info","message":"::1 - - [11/May/2022:19:02:11 +0000] \"GET /movies/1 HTTP/1.1\" 200 12520 \"-\" \"PostmanRuntime/7.29.0\"\n"}
{"level":"info","message":"::1 - - [11/May/2022:19:03:29 +0000] \"GET /movies/2 HTTP/1.1\" 200 13779 \"-\" \"PostmanRuntime/7.29.0\"\n"}
{"level":"info","message":"::1 - - [11/May/2022:19:14:06 +0000] \"GET /movie/573a1390f29313caabcd5501 HTTP/1.1\" 200 1409 \"-\" \"PostmanRuntime/7.29.0\"\n"}
{"level":"info","message":"::1 - - [11/May/2022:19:19:58 +0000] \"GET /movie/573 HTTP/1.1\" 400 11 \"-\" \"PostmanRuntime/7.29.0\"\n"}
{"level":"info","message":"::1 - - [11/May/2022:19:20:05 +0000] \"GET /movie/573a1390f29313caabcd5501 HTTP/1.1\" 200 1409 \"-\" \"PostmanRuntime/7.29.0\"\n"}
{"level":"info","message":"::1 - - [11/May/2022:19:24:13 +0000] \"GET /movie/573a1390f29313caabcd5501 HTTP/1.1\" 200 1409 \"-\" \"PostmanRuntime/7.29.0\"\n"}
{"level":"info","message":"::1 - - [11/May/2022:19:37:42 +0000] \"GET /movi HTTP/1.1\" 404 9 \"-\" \"PostmanRuntime/7.29.0\"\n"}
{"level":"error","message":"Not Found"}
{"level":"info","message":"::1 - - [11/May/2022:19:45:08 +0000] \"GET /movi HTTP/1.1\" 200 23 \"-\" \"PostmanRuntime/7.29.0\"\n"}
{"level":"error","message":"Bad Request"}
{"level":"info","message":"::1 - - [11/May/2022:19:47:42 +0000] \"GET /movies/fdsgs HTTP/1.1\" 200 25 \"-\" \"PostmanRuntime/7.29.0\"\n"}
{"level":"info","message":"::1 - - [11/May/2022:19:49:05 +0000] \"GET /movies/2 HTTP/1.1\" 200 13779 \"-\" \"PostmanRuntime/7.29.0\"\n"}
{"level":"error","message":"Bad Request"}
{"level":"info","message":"::1 - - [11/May/2022:19:49:11 +0000] \"GET /movie/2 HTTP/1.1\" 200 25 \"-\" \"PostmanRuntime/7.29.0\"\n"}
{"level":"error","message":"Not Found"}
{"level":"info","message":"::1 - - [12/May/2022:08:57:33 +0000] \"GET /favicon.ico HTTP/1.1\" 200 23 \"http://localhost:3000/auth/login\" \"Mozilla/5.0 (Windows NT 10.0; Win64; x64) AppleWebKit/537.36 (KHTML, like Gecko) Chrome/101.0.4951.54 Safari/537.36\"\n"}
{"level":"info","message":"::1 - - [12/May/2022:08:57:39 +0000] \"GET /movies/1 HTTP/1.1\" 200 12520 \"-\" \"Mozilla/5.0 (Windows NT 10.0; Win64; x64) AppleWebKit/537.36 (KHTML, like Gecko) Chrome/101.0.4951.54 Safari/537.36\"\n"}
{"level":"error","message":"Not Found"}
{"level":"info","message":"::1 - - [12/May/2022:08:57:39 +0000] \"GET /favicon.ico HTTP/1.1\" 304 - \"http://localhost:3000/movies/1\" \"Mozilla/5.0 (Windows NT 10.0; Win64; x64) AppleWebKit/537.36 (KHTML, like Gecko) Chrome/101.0.4951.54 Safari/537.36\"\n"}
{"level":"error","message":"Not Found"}
{"level":"info","message":"::1 - - [13/May/2022:16:20:42 +0000] \"GET / HTTP/1.1\" 200 23 \"-\" \"Mozilla/5.0 (Windows NT 10.0; Win64; x64) AppleWebKit/537.36 (KHTML, like Gecko) Chrome/101.0.4951.54 Safari/537.36\"\n"}
{"level":"error","message":"Not Found"}
{"level":"info","message":"::1 - - [13/May/2022:16:20:43 +0000] \"GET /favicon.ico HTTP/1.1\" 304 - \"http://localhost:3000/\" \"Mozilla/5.0 (Windows NT 10.0; Win64; x64) AppleWebKit/537.36 (KHTML, like Gecko) Chrome/101.0.4951.54 Safari/537.36\"\n"}
{"level":"error","message":"Not Found"}
{"level":"info","message":"::1 - - [13/May/2022:19:25:51 +0000] \"POST /users HTTP/1.1\" 200 23 \"-\" \"PostmanRuntime/7.29.0\"\n"}
{"level":"error","message":"Not Found"}
{"level":"info","message":"::1 - - [13/May/2022:19:26:32 +0000] \"POST /signup HTTP/1.1\" 200 23 \"-\" \"PostmanRuntime/7.29.0\"\n"}
{"level":"error","message":"Not Found"}
{"level":"info","message":"::1 - - [13/May/2022:19:27:46 +0000] \"POST /signup HTTP/1.1\" 200 23 \"-\" \"PostmanRuntime/7.29.0\"\n"}
{"level":"error"}
{"level":"info","message":"::1 - - [13/May/2022:19:30:00 +0000] \"POST /auth/signup HTTP/1.1\" 200 67 \"-\" \"PostmanRuntime/7.29.0\"\n"}
{"level":"error"}
{"level":"info","message":"::1 - - [13/May/2022:19:31:00 +0000] \"POST /auth/signup HTTP/1.1\" 200 67 \"-\" \"PostmanRuntime/7.29.0\"\n"}
{"level":"error"}
{"level":"info","message":"::1 - - [13/May/2022:19:32:42 +0000] \"POST /auth/signup HTTP/1.1\" 200 67 \"-\" \"PostmanRuntime/7.29.0\"\n"}
{"level":"error"}
{"level":"info","message":"::1 - - [13/May/2022:19:33:18 +0000] \"POST /auth/signup HTTP/1.1\" 200 67 \"-\" \"PostmanRuntime/7.29.0\"\n"}
{"level":"error","message":"Not Found"}
{"level":"info","message":"::1 - - [13/May/2022:19:38:48 +0000] \"POST /signup HTTP/1.1\" 200 23 \"-\" \"PostmanRuntime/7.29.0\"\n"}
{"level":"error","message":"Not Found"}
{"level":"info","message":"::1 - - [13/May/2022:19:39:05 +0000] \"POST /signup HTTP/1.1\" 200 23 \"-\" \"PostmanRuntime/7.29.0\"\n"}
{"level":"error","message":"Not Found"}
{"level":"info","message":"::1 - - [13/May/2022:19:39:29 +0000] \"POST /signup HTTP/1.1\" 200 23 \"-\" \"PostmanRuntime/7.29.0\"\n"}
{"level":"error"}
{"level":"info","message":"::1 - - [13/May/2022:19:39:43 +0000] \"POST /auth/signup HTTP/1.1\" 200 67 \"-\" \"PostmanRuntime/7.29.0\"\n"}
{"level":"error"}
{"level":"info","message":"::1 - - [13/May/2022:19:39:57 +0000] \"POST /auth/signup HTTP/1.1\" 200 67 \"-\" \"PostmanRuntime/7.29.0\"\n"}
{"level":"error"}
{"level":"info","message":"::1 - - [13/May/2022:19:40:17 +0000] \"POST /auth/signup HTTP/1.1\" 200 67 \"-\" \"PostmanRuntime/7.29.0\"\n"}
{"level":"error"}
{"level":"info","message":"::1 - - [13/May/2022:19:42:21 +0000] \"POST /auth/signup HTTP/1.1\" 200 35 \"-\" \"PostmanRuntime/7.29.0\"\n"}
{"level":"error"}
{"level":"info","message":"::1 - - [13/May/2022:19:43:04 +0000] \"POST /auth/signup HTTP/1.1\" 200 35 \"-\" \"PostmanRuntime/7.29.0\"\n"}
{"level":"error"}
{"level":"info","message":"::1 - - [13/May/2022:19:43:05 +0000] \"POST /auth/signup HTTP/1.1\" 200 35 \"-\" \"PostmanRuntime/7.29.0\"\n"}
{"level":"error","message":"Not Found"}
{"level":"info","message":"::1 - - [13/May/2022:19:43:32 +0000] \"POST /signup HTTP/1.1\" 200 23 \"-\" \"PostmanRuntime/7.29.0\"\n"}
{"level":"error"}
{"level":"info","message":"::1 - - [13/May/2022:19:43:39 +0000] \"POST /auth/signup HTTP/1.1\" 200 35 \"-\" \"PostmanRuntime/7.29.0\"\n"}
{"level":"error"}
{"level":"info","message":"::1 - - [13/May/2022:19:44:51 +0000] \"POST /auth/signup HTTP/1.1\" 200 35 \"-\" \"PostmanRuntime/7.29.0\"\n"}
{"level":"error","statusCode":400}
{"level":"info","message":"::1 - - [13/May/2022:19:45:42 +0000] \"POST /auth/signup HTTP/1.1\" 200 40 \"-\" \"PostmanRuntime/7.29.0\"\n"}
{"level":"error","statusCode":400}
{"level":"info","message":"::1 - - [13/May/2022:19:45:47 +0000] \"POST /auth/signup HTTP/1.1\" 200 39 \"-\" \"PostmanRuntime/7.29.0\"\n"}
{"level":"error","statusCode":400}
{"level":"info","message":"::1 - - [13/May/2022:19:57:49 +0000] \"POST /auth/signup HTTP/1.1\" 200 40 \"-\" \"PostmanRuntime/7.29.0\"\n"}
{"level":"error","statusCode":400}
{"level":"info","message":"::1 - - [13/May/2022:19:58:46 +0000] \"POST /auth/signup HTTP/1.1\" 200 40 \"-\" \"PostmanRuntime/7.29.0\"\n"}
{"level":"error","statusCode":409}
{"level":"info","message":"::1 - - [13/May/2022:19:58:56 +0000] \"POST /auth/signup HTTP/1.1\" 200 36 \"-\" \"PostmanRuntime/7.29.0\"\n"}
{"level":"info","message":"::1 - - [13/May/2022:20:08:47 +0000] \"POST /auth/signup HTTP/1.1\" 201 46 \"-\" \"PostmanRuntime/7.29.0\"\n"}
{"level":"error","statusCode":409}
{"level":"info","message":"::1 - - [14/May/2022:10:29:13 +0000] \"POST /auth/signup HTTP/1.1\" 200 36 \"-\" \"PostmanRuntime/7.29.0\"\n"}
{"level":"info","message":"::1 - - [14/May/2022:10:50:40 +0000] \"POST /auth/signup HTTP/1.1\" 201 46 \"-\" \"PostmanRuntime/7.29.0\"\n"}
{"level":"info","message":"::1 - - [14/May/2022:10:51:34 +0000] \"POST /auth/signup HTTP/1.1\" 201 46 \"-\" \"PostmanRuntime/7.29.0\"\n"}
{"level":"info","message":"::1 - - [14/May/2022:10:52:12 +0000] \"POST /auth/signup HTTP/1.1\" 201 46 \"-\" \"PostmanRuntime/7.29.0\"\n"}
{"level":"info","message":"::1 - - [14/May/2022:10:53:01 +0000] \"POST /auth/signup HTTP/1.1\" 201 46 \"-\" \"PostmanRuntime/7.29.0\"\n"}
{"level":"error","statusCode":400}
{"level":"info","message":"::1 - - [15/May/2022:14:50:21 +0000] \"POST /auth/login HTTP/1.1\" 200 38 \"-\" \"PostmanRuntime/7.29.0\"\n"}
{"level":"error","statusCode":400}
{"level":"info","message":"::1 - - [15/May/2022:14:50:37 +0000] \"POST /auth/login HTTP/1.1\" 200 38 \"-\" \"PostmanRuntime/7.29.0\"\n"}
{"level":"info","message":"::1 - - [15/May/2022:14:50:50 +0000] \"POST /auth/login HTTP/1.1\" 200 212 \"-\" \"PostmanRuntime/7.29.0\"\n"}
{"level":"error","statusCode":400}
{"level":"info","message":"::1 - - [15/May/2022:14:51:04 +0000] \"POST /auth/login HTTP/1.1\" 200 38 \"-\" \"PostmanRuntime/7.29.0\"\n"}
{"level":"error","statusCode":404}
{"level":"info","message":"::1 - - [15/May/2022:14:51:12 +0000] \"POST /auth/login HTTP/1.1\" 200 53 \"-\" \"PostmanRuntime/7.29.0\"\n"}
{"level":"error","statusCode":404}
{"level":"info","message":"::1 - - [15/May/2022:14:51:47 +0000] \"POST /auth/login HTTP/1.1\" 200 53 \"-\" \"PostmanRuntime/7.29.0\"\n"}
{"level":"error","statusCode":404}
{"level":"info","message":"::1 - - [15/May/2022:14:52:14 +0000] \"POST /auth/login HTTP/1.1\" 200 53 \"-\" \"PostmanRuntime/7.29.0\"\n"}
{"level":"info","message":"::1 - - [15/May/2022:14:52:50 +0000] \"POST /auth/login HTTP/1.1\" 200 212 \"-\" \"PostmanRuntime/7.29.0\"\n"}
{"level":"info","message":"::1 - - [15/May/2022:14:56:56 +0000] \"POST /auth/login HTTP/1.1\" 200 133 \"-\" \"PostmanRuntime/7.29.0\"\n"}
{"level":"info","message":"::1 - - [15/May/2022:15:10:05 +0000] \"POST /auth/login HTTP/1.1\" 200 185 \"-\" \"PostmanRuntime/7.29.0\"\n"}
{"level":"info","message":"::1 - - [15/May/2022:15:11:49 +0000] \"POST /auth/login HTTP/1.1\" 200 195 \"-\" \"PostmanRuntime/7.29.0\"\n"}
{"level":"info","message":"::1 - - [15/May/2022:15:17:31 +0000] \"POST /auth/login HTTP/1.1\" 200 195 \"-\" \"PostmanRuntime/7.29.0\"\n"}
{"level":"info","message":"::1 - - [15/May/2022:15:17:37 +0000] \"POST /auth/login HTTP/1.1\" 200 195 \"-\" \"PostmanRuntime/7.29.0\"\n"}
{"level":"error"}
{"level":"info","message":"::1 - - [15/May/2022:16:25:31 +0000] \"POST /move HTTP/1.1\" 200 70 \"-\" \"PostmanRuntime/7.29.0\"\n"}
{"level":"error"}
{"level":"info","message":"::1 - - [15/May/2022:16:27:15 +0000] \"POST /move HTTP/1.1\" 200 70 \"-\" \"PostmanRuntime/7.29.0\"\n"}
{"level":"error"}
{"level":"info","message":"::1 - - [15/May/2022:16:29:52 +0000] \"POST /move HTTP/1.1\" 200 70 \"-\" \"PostmanRuntime/7.29.0\"\n"}
{"level":"error"}
{"level":"info","message":"::1 - - [15/May/2022:16:32:52 +0000] \"POST /move HTTP/1.1\" 200 70 \"-\" \"PostmanRuntime/7.29.0\"\n"}
{"level":"error"}
{"level":"info","message":"::1 - - [15/May/2022:16:34:19 +0000] \"POST /move HTTP/1.1\" 200 70 \"-\" \"PostmanRuntime/7.29.0\"\n"}
{"level":"error"}
{"level":"info","message":"::1 - - [15/May/2022:16:37:49 +0000] \"POST /move HTTP/1.1\" 200 70 \"-\" \"PostmanRuntime/7.29.0\"\n"}
{"level":"info","message":"::1 - - [15/May/2022:16:39:27 +0000] \"POST /move HTTP/1.1\" 201 27 \"-\" \"PostmanRuntime/7.29.0\"\n"}
{"level":"error","message":"Bad Request"}
{"level":"info","message":"::1 - - [15/May/2022:16:50:41 +0000] \"GET /move/1 HTTP/1.1\" 200 25 \"-\" \"PostmanRuntime/7.29.0\"\n"}
{"level":"info","message":"::1 - - [15/May/2022:16:50:59 +0000] \"GET /movies/1 HTTP/1.1\" 200 187 \"-\" \"PostmanRuntime/7.29.0\"\n"}
{"level":"info","message":"::1 - - [15/May/2022:16:51:32 +0000] \"GET /move/62812cbedca58db727abbeb4 HTTP/1.1\" 200 185 \"-\" \"PostmanRuntime/7.29.0\"\n"}
{"level":"info","message":"::1 - - [15/May/2022:16:52:18 +0000] \"GET /move/62812cbedca58db727abbeb4 HTTP/1.1\" 200 185 \"-\" \"PostmanRuntime/7.29.0\"\n"}
{"level":"info","message":"::1 - - [15/May/2022:17:06:14 +0000] \"POST /move/ HTTP/1.1\" 201 27 \"-\" \"PostmanRuntime/7.29.0\"\n"}
{"level":"info","message":"::1 - - [15/May/2022:17:07:04 +0000] \"POST /move/ HTTP/1.1\" 201 39 \"-\" \"PostmanRuntime/7.29.0\"\n"}
{"level":"info","message":"::1 - - [15/May/2022:17:07:58 +0000] \"POST /move/ HTTP/1.1\" 201 39 \"-\" \"PostmanRuntime/7.29.0\"\n"}
{"level":"error","message":"Not Found"}
{"level":"info","message":"::1 - - [15/May/2022:17:08:22 +0000] \"GET /movies/ HTTP/1.1\" 200 23 \"-\" \"PostmanRuntime/7.29.0\"\n"}
{"level":"error","message":"Not Found"}
{"level":"info","message":"::1 - - [15/May/2022:17:08:25 +0000] \"GET /movies HTTP/1.1\" 200 23 \"-\" \"PostmanRuntime/7.29.0\"\n"}
{"level":"error","message":"Unauthorized"}
{"level":"info","message":"::1 - - [15/May/2022:17:08:31 +0000] \"GET /movies/1 HTTP/1.1\" 200 26 \"-\" \"PostmanRuntime/7.29.0\"\n"}
{"level":"info","message":"::1 - - [15/May/2022:17:14:05 +0000] \"POST /auth/login HTTP/1.1\" 200 195 \"-\" \"PostmanRuntime/7.29.0\"\n"}
{"level":"error","message":"Unauthorized"}
{"level":"info","message":"::1 - - [15/May/2022:17:15:23 +0000] \"GET /movies/1 HTTP/1.1\" 200 26 \"-\" \"PostmanRuntime/7.29.0\"\n"}
{"level":"error","message":"Unauthorized"}
{"level":"info","message":"::1 - - [15/May/2022:17:15:32 +0000] \"GET /movies/1 HTTP/1.1\" 200 26 \"-\" \"PostmanRuntime/7.29.0\"\n"}
{"level":"error","message":"Unauthorized"}
{"level":"info","message":"::1 - - [15/May/2022:17:16:09 +0000] \"GET /movies/1 HTTP/1.1\" 200 26 \"-\" \"PostmanRuntime/7.29.0\"\n"}
{"level":"error","message":"Not Found"}
{"level":"info","message":"::1 - - [15/May/2022:17:16:33 +0000] \"GET /auth/login HTTP/1.1\" 200 23 \"-\" \"PostmanRuntime/7.29.0\"\n"}
{"level":"info","message":"::1 - - [15/May/2022:17:16:41 +0000] \"POST /auth/login HTTP/1.1\" 200 195 \"-\" \"PostmanRuntime/7.29.0\"\n"}
{"level":"error","message":"Unauthorized"}
{"level":"info","message":"::1 - - [15/May/2022:17:17:10 +0000] \"GET /movies/1 HTTP/1.1\" 200 26 \"-\" \"PostmanRuntime/7.29.0\"\n"}
{"level":"error","message":"Unauthorized"}
{"level":"info","message":"::1 - - [15/May/2022:17:18:04 +0000] \"GET /movies/1 HTTP/1.1\" 200 26 \"-\" \"PostmanRuntime/7.29.0\"\n"}
{"level":"error","message":"Unauthorized"}
{"level":"info","message":"::1 - - [15/May/2022:17:18:20 +0000] \"GET /movies/1 HTTP/1.1\" 200 26 \"-\" \"PostmanRuntime/7.29.0\"\n"}
{"level":"error","message":"Unauthorized"}
{"level":"info","message":"::1 - - [15/May/2022:17:18:37 +0000] \"GET /movies/1 HTTP/1.1\" 200 26 \"-\" \"PostmanRuntime/7.29.0\"\n"}
{"level":"error","message":"Not Found"}
{"level":"info","message":"::1 - - [15/May/2022:17:20:19 +0000] \"GET /auth/login HTTP/1.1\" 200 23 \"-\" \"PostmanRuntime/7.29.0\"\n"}
{"level":"info","message":"::1 - - [15/May/2022:17:20:29 +0000] \"POST /auth/login HTTP/1.1\" 200 195 \"-\" \"PostmanRuntime/7.29.0\"\n"}
{"level":"error","message":"Unauthorized"}
{"level":"info","message":"::1 - - [15/May/2022:17:21:17 +0000] \"GET /movies/1 HTTP/1.1\" 200 26 \"-\" \"PostmanRuntime/7.29.0\"\n"}
{"level":"error","message":"Unauthorized"}
{"level":"info","message":"::1 - - [15/May/2022:17:23:29 +0000] \"GET /movies/1 HTTP/1.1\" 200 26 \"-\" \"PostmanRuntime/7.29.0\"\n"}
{"level":"info","message":"::1 - - [15/May/2022:17:23:36 +0000] \"POST /auth/login HTTP/1.1\" 200 195 \"-\" \"PostmanRuntime/7.29.0\"\n"}
{"level":"error","message":"Unauthorized"}
{"level":"info","message":"::1 - - [15/May/2022:17:23:53 +0000] \"GET /movies/1 HTTP/1.1\" 200 26 \"-\" \"PostmanRuntime/7.29.0\"\n"}
{"level":"error","message":"Unauthorized"}
{"level":"info","message":"::1 - - [15/May/2022:17:24:50 +0000] \"GET /movies/1 HTTP/1.1\" 200 26 \"-\" \"PostmanRuntime/7.29.0\"\n"}
{"level":"info","message":"::1 - - [15/May/2022:17:25:04 +0000] \"POST /auth/login HTTP/1.1\" 200 195 \"-\" \"PostmanRuntime/7.29.0\"\n"}
{"level":"error","message":"Unauthorized"}
{"level":"info","message":"::1 - - [15/May/2022:17:25:48 +0000] \"GET /movies/1 HTTP/1.1\" 200 26 \"-\" \"PostmanRuntime/7.29.0\"\n"}
{"level":"error","message":"Unauthorized"}
{"level":"info","message":"::1 - - [15/May/2022:17:29:23 +0000] \"GET /movies/1 HTTP/1.1\" 200 26 \"-\" \"PostmanRuntime/7.29.0\"\n"}
{"level":"info","message":"::1 - - [15/May/2022:17:31:22 +0000] \"GET /movies/1 HTTP/1.1\" 200 742 \"-\" \"PostmanRuntime/7.29.0\"\n"}
{"level":"error","message":"Internal Server Error"}
{"level":"info","message":"::1 - - [15/May/2022:17:36:46 +0000] \"POST /auth/login HTTP/1.1\" 200 35 \"-\" \"PostmanRuntime/7.29.0\"\n"}
{"level":"error","message":"Internal Server Error"}
{"level":"info","message":"::1 - - [15/May/2022:17:37:26 +0000] \"POST /auth/login HTTP/1.1\" 200 35 \"-\" \"PostmanRuntime/7.29.0\"\n"}
{"level":"error","message":"Internal Server Error"}
{"level":"info","message":"::1 - - [15/May/2022:17:37:40 +0000] \"POST /auth/login HTTP/1.1\" 200 35 \"-\" \"PostmanRuntime/7.29.0\"\n"}
{"level":"error","message":"Internal Server Error"}
{"level":"info","message":"::1 - - [15/May/2022:17:38:40 +0000] \"POST /auth/login HTTP/1.1\" 200 35 \"-\" \"PostmanRuntime/7.29.0\"\n"}
{"level":"error","message":"Internal Server Error"}
{"level":"info","message":"::1 - - [15/May/2022:17:39:17 +0000] \"POST /auth/login HTTP/1.1\" 200 35 \"-\" \"PostmanRuntime/7.29.0\"\n"}
{"level":"info","message":"::1 - - [15/May/2022:17:39:22 +0000] \"GET /movies/1 HTTP/1.1\" 200 742 \"-\" \"PostmanRuntime/7.29.0\"\n"}
{"level":"error","message":"Internal Server Error"}
{"level":"info","message":"::1 - - [15/May/2022:17:40:13 +0000] \"POST /auth/login HTTP/1.1\" 200 35 \"-\" \"PostmanRuntime/7.29.0\"\n"}
{"level":"info","message":"::1 - - [15/May/2022:17:41:05 +0000] \"POST /auth/login HTTP/1.1\" 200 217 \"-\" \"PostmanRuntime/7.29.0\"\n"}
{"level":"info","message":"::1 - - [15/May/2022:17:41:25 +0000] \"POST /auth/login HTTP/1.1\" 200 217 \"-\" \"PostmanRuntime/7.29.0\"\n"}
{"level":"info","message":"::1 - - [15/May/2022:17:41:41 +0000] \"GET /movies/1 HTTP/1.1\" 200 742 \"-\" \"PostmanRuntime/7.29.0\"\n"}
{"level":"error","message":"Unauthorized"}
{"level":"info","message":"::1 - - [15/May/2022:17:43:43 +0000] \"GET /movies/1 HTTP/1.1\" 200 26 \"-\" \"PostmanRuntime/7.29.0\"\n"}
{"level":"info","message":"::1 - - [15/May/2022:17:43:58 +0000] \"POST /auth/login HTTP/1.1\" 200 217 \"-\" \"PostmanRuntime/7.29.0\"\n"}
{"level":"info","message":"::1 - - [15/May/2022:17:44:15 +0000] \"GET /movies/1 HTTP/1.1\" 200 742 \"-\" \"PostmanRuntime/7.29.0\"\n"}
{"level":"info","message":"::1 - - [15/May/2022:17:51:43 +0000] \"GET /movies/1 HTTP/1.1\" 200 742 \"-\" \"PostmanRuntime/7.29.0\"\n"}
